#
# A fatal error has been detected by the Java Runtime Environment:
#
#  Internal Error (generateOopMap.cpp:2164), pid=3060, tid=13827
#  fatal error: Illegal class file encountered. Try running with -Xverify:all in method $anonfun$identifyPersons$1
#
# JRE version: OpenJDK Runtime Environment (16.0.2+7) (build 16.0.2+7-67)
# Java VM: OpenJDK 64-Bit Server VM (16.0.2+7-67, mixed mode, sharing, tiered, compressed oops, compressed class ptrs, g1 gc, bsd-amd64)
# No core dump will be written. Core dumps have been disabled. To enable core dumping, try "ulimit -c unlimited" before starting Java again
#
# If you would like to submit a bug report, please visit:
#   https://bugreport.java.com/bugreport/crash.jsp
#

---------------  S U M M A R Y ------------

Command Line: -agentlib:jdwp=transport=dt_socket,address=127.0.0.1:52699,suspend=y,server=n -Dfile.encoding=UTF-8 org.jetbrains.plugins.scala.testingSupport.scalaTest.ScalaTestRunner -s cse250.pa3.DataToolsTests -showProgressMessages true

Host: MacBookPro15,4 x86_64 1400 MHz, 8 cores, 8G, Darwin 20.6.0, macOS 10.16 (20G165)
Time: Tue Nov 30 22:45:30 2021 EST elapsed time: 3514.339529 seconds (0d 0h 58m 34s)

---------------  T H R E A D  ---------------

Current thread (0x00007f8fa7c2c490):  VMThread "VM Thread" [stack: 0x000070000a9fb000,0x000070000aafb000] [id=13827]

Stack: [0x000070000a9fb000,0x000070000aafb000],  sp=0x000070000aaf8d60,  free space=1015k
Native frames: (J=compiled Java code, A=aot compiled Java code, j=interpreted, Vv=VM code, C=native code)
V  [libjvm.dylib+0xa7cd75]  VMError::report_and_die(int, char const*, char const*, __va_list_tag*, Thread*, unsigned char*, void*, void*, char const*, int, unsigned long)+0x6d5
V  [libjvm.dylib+0xa7d32b]  VMError::report_and_die(Thread*, void*, char const*, int, char const*, char const*, __va_list_tag*)+0x3b
V  [libjvm.dylib+0x34f9e3]  report_fatal(char const*, int, char const*, ...)+0xb3
V  [libjvm.dylib+0x48b4ef]  GenerateOopMap::error_work(char const*, __va_list_tag*)+0xef
V  [libjvm.dylib+0x4830f9]  GenerateOopMap::report_error(char const*, ...)+0x89
V  [libjvm.dylib+0x4899e0]  GenerateOopMap::ppload(CellTypeState*, int)+0x260
V  [libjvm.dylib+0x484fbf]  GenerateOopMap::interp_bb(BasicBlock*)+0xdf
V  [libjvm.dylib+0x484779]  GenerateOopMap::do_interpretation()+0x99
V  [libjvm.dylib+0x48b296]  GenerateOopMap::compute_map(Thread*)+0x1f6
V  [libjvm.dylib+0x88599a]  OopMapForCacheEntry::compute_map(Thread*)+0x5a
V  [libjvm.dylib+0x8867bf]  OopMapCacheEntry::fill(methodHandle const&, int)+0xcf
V  [libjvm.dylib+0x887a0b]  OopMapCache::compute_one_oop_map(methodHandle const&, int, InterpreterOopMap*)+0x6b
V  [libjvm.dylib+0x8347f6]  Method::mask_for(int, InterpreterOopMap*)+0x96
V  [libjvm.dylib+0xa6f0dd]  interpretedVFrame::stack_data(bool) const+0x4d
V  [libjvm.dylib+0x6dbec3]  VM_GetOrSetLocal::doit()+0x173
V  [libjvm.dylib+0xa828e6]  VM_Operation::evaluate()+0xd6
V  [libjvm.dylib+0xa87bc7]  VMThread::evaluate_operation(VM_Operation*)+0x157
V  [libjvm.dylib+0xa88484]  VMThread::inner_execute(VM_Operation*)+0x194
V  [libjvm.dylib+0xa8780c]  VMThread::run()+0xbc
V  [libjvm.dylib+0xa03801]  Thread::call_run()+0x71
V  [libjvm.dylib+0x891f67]  thread_native_entry(Thread*)+0x157
C  [libsystem_pthread.dylib+0x68fc]  _pthread_start+0xe0
C  [libsystem_pthread.dylib+0x2443]  thread_start+0xf

VM_Operation (0x000070000b51ba98): get/set locals, mode: safepoint, requested by thread 0x00007f8fac008800


---------------  P R O C E S S  ---------------

Threads class SMR info:
_java_thread_list=0x00007f8fa7e5a660, length=15, elements={
0x00007f8fa880c600, 0x00007f8fa8812400, 0x00007f8fa8832e00, 0x00007f8fa807c800,
0x00007f8fac008200, 0x00007f8fa9814c00, 0x00007f8fa9818000, 0x00007f8fa9818600,
0x00007f8fa9818c00, 0x00007f8fac008800, 0x00007f8fac008e00, 0x00007f8fac009400,
0x00007f8fa9029c00, 0x00007f8fa982c000, 0x00007f8fa88fa800
}

Java Threads: ( => current thread )
  0x00007f8fa880c600 JavaThread "ScalaTest-run-running-DataToolsTests" [_thread_blocked, id=6403, stack(0x000070000a3e9000,0x000070000a4e9000)]
  0x00007f8fa8812400 JavaThread "Reference Handler" daemon [_thread_blocked, id=14339, stack(0x000070000aafe000,0x000070000abfe000)]
  0x00007f8fa8832e00 JavaThread "Finalizer" daemon [_thread_blocked, id=16131, stack(0x000070000ac01000,0x000070000ad01000)]
  0x00007f8fa807c800 JavaThread "Signal Dispatcher" daemon [_thread_blocked, id=22275, stack(0x000070000ae0a000,0x000070000af0a000)]
  0x00007f8fac008200 JavaThread "Service Thread" daemon [_thread_blocked, id=42499, stack(0x000070000af0d000,0x000070000b00d000)]
  0x00007f8fa9814c00 JavaThread "Monitor Deflation Thread" daemon [_thread_blocked, id=41987, stack(0x000070000b010000,0x000070000b110000)]
  0x00007f8fa9818000 JavaThread "C2 CompilerThread0" daemon [_thread_blocked, id=41475, stack(0x000070000b113000,0x000070000b213000)]
  0x00007f8fa9818600 JavaThread "C1 CompilerThread0" daemon [_thread_blocked, id=40963, stack(0x000070000b216000,0x000070000b316000)]
  0x00007f8fa9818c00 JavaThread "Sweeper thread" daemon [_thread_blocked, id=40707, stack(0x000070000b319000,0x000070000b419000)]
  0x00007f8fac008800 JavaThread "JDWP Transport Listener: dt_socket" daemon [_thread_blocked, id=23303, stack(0x000070000b41c000,0x000070000b51c000)]
  0x00007f8fac008e00 JavaThread "JDWP Event Helper Thread" daemon [_thread_blocked, id=23811, stack(0x000070000b51f000,0x000070000b61f000)]
  0x00007f8fac009400 JavaThread "JDWP Command Reader" daemon [_thread_in_native, id=24323, stack(0x000070000b622000,0x000070000b722000)]
  0x00007f8fa9029c00 JavaThread "Notification Thread" daemon [_thread_blocked, id=40195, stack(0x000070000b725000,0x000070000b825000)]
  0x00007f8fa982c000 JavaThread "Common-Cleaner" daemon [_thread_blocked, id=25091, stack(0x000070000b92b000,0x000070000ba2b000)]
  0x00007f8fa88fa800 JavaThread "ScalaTest-dispatcher" [_thread_blocked, id=39427, stack(0x000070000ba2e000,0x000070000bb2e000)]

Other Threads:
=>0x00007f8fa7c2c490 VMThread "VM Thread" [stack: 0x000070000a9fb000,0x000070000aafb000] [id=13827]
  0x00007f8fa7c38120 WatcherThread [stack: 0x000070000b828000,0x000070000b928000] [id=39939]
  0x00007f8fa7d20a60 GCTaskThread "GC Thread#0" [stack: 0x000070000a4ec000,0x000070000a5ec000] [id=11779]
  0x00007f8fa7e70410 GCTaskThread "GC Thread#1" [stack: 0x000070000bb31000,0x000070000bc31000] [id=39171]
  0x00007f8faa128d60 GCTaskThread "GC Thread#2" [stack: 0x000070000bc34000,0x000070000bd34000] [id=25859]
  0x00007f8faa1293c0 GCTaskThread "GC Thread#3" [stack: 0x000070000bd37000,0x000070000be37000] [id=38915]
  0x00007f8fa7f5a840 GCTaskThread "GC Thread#4" [stack: 0x000070000be3a000,0x000070000bf3a000] [id=26627]
  0x00007f8fa7f5b1e0 GCTaskThread "GC Thread#5" [stack: 0x000070000bf3d000,0x000070000c03d000] [id=38403]
  0x00007f8fabd2f0a0 GCTaskThread "GC Thread#6" [stack: 0x000070000c040000,0x000070000c140000] [id=38147]
  0x00007f8faa204910 ConcurrentGCThread "G1 Main Marker" [stack: 0x000070000a5ef000,0x000070000a6ef000] [id=18947]
  0x00007f8faa2056c0 ConcurrentGCThread "G1 Conc#0" [stack: 0x000070000a6f2000,0x000070000a7f2000] [id=12291]
  0x00007f8fa7c20e30 ConcurrentGCThread "G1 Refine#0" [stack: 0x000070000a7f5000,0x000070000a8f5000] [id=13059]
  0x00007f8fa7c21c80 ConcurrentGCThread "G1 Service" [stack: 0x000070000a8f8000,0x000070000a9f8000] [id=13315]

Threads with active compile tasks:

VM state: at safepoint (normal execution)

VM Mutex/Monitor currently owned by a thread:  ([mutex/lock_event])
[0x00007f8fa7e08d10] Threads_lock - owner thread: 0x00007f8fa7c2c490

Heap address: 0x0000000780000000, size: 2048 MB, Compressed Oops mode: Zero based, Oop shift amount: 3

CDS archive(s) mapped at: [0x0000000800000000-0x0000000800bb9000-0x0000000800bb9000), size 12292096, SharedBaseAddress: 0x0000000800000000, ArchiveRelocationMode: 0.
Compressed class space mapped at: 0x0000000800c00000-0x0000000840c00000, reserved size: 1073741824
Narrow klass base: 0x0000000800000000, Narrow klass shift: 3, Narrow klass range: 0x100000000

GC Precious Log:
 CPUs: 8 total, 8 available
 Memory: 8192M
 Large Page Support: Disabled
 NUMA Support: Disabled
 Compressed Oops: Enabled (Zero based)
 Heap Region Size: 1M
 Heap Min Capacity: 8M
 Heap Initial Capacity: 128M
 Heap Max Capacity: 2G
 Pre-touch: Disabled
 Parallel Workers: 8
 Concurrent Workers: 2
 Concurrent Refinement Workers: 8
 Periodic GC: Disabled

Heap:
 garbage-first heap   total 133120K, used 13266K [0x0000000780000000, 0x0000000800000000)
  region size 1024K, 13 young (13312K), 3 survivors (3072K)
 Metaspace       used 10415K, committed 10624K, reserved 1064960K
  class space    used 1239K, committed 1344K, reserved 1048576K

Heap Regions: E=young(eden), S=young(survivor), O=old, HS=humongous(starts), HC=humongous(continues), CS=collection set, F=free, OA=open archive, CA=closed archive, TAMS=top-at-mark-start (previous, next)
|   0|0x0000000780000000, 0x0000000780002a00, 0x0000000780100000|  1%| O|  |TAMS 0x0000000780000000, 0x0000000780000000| Untracked 
|   1|0x0000000780100000, 0x0000000780100000, 0x0000000780200000|  0%| F|  |TAMS 0x0000000780100000, 0x0000000780100000| Untracked 
|   2|0x0000000780200000, 0x0000000780200000, 0x0000000780300000|  0%| F|  |TAMS 0x0000000780200000, 0x0000000780200000| Untracked 
|   3|0x0000000780300000, 0x0000000780300000, 0x0000000780400000|  0%| F|  |TAMS 0x0000000780300000, 0x0000000780300000| Untracked 
|   4|0x0000000780400000, 0x0000000780400000, 0x0000000780500000|  0%| F|  |TAMS 0x0000000780400000, 0x0000000780400000| Untracked 
|   5|0x0000000780500000, 0x0000000780500000, 0x0000000780600000|  0%| F|  |TAMS 0x0000000780500000, 0x0000000780500000| Untracked 
|   6|0x0000000780600000, 0x0000000780600000, 0x0000000780700000|  0%| F|  |TAMS 0x0000000780600000, 0x0000000780600000| Untracked 
|   7|0x0000000780700000, 0x0000000780700000, 0x0000000780800000|  0%| F|  |TAMS 0x0000000780700000, 0x0000000780700000| Untracked 
|   8|0x0000000780800000, 0x0000000780800000, 0x0000000780900000|  0%| F|  |TAMS 0x0000000780800000, 0x0000000780800000| Untracked 
|   9|0x0000000780900000, 0x0000000780900000, 0x0000000780a00000|  0%| F|  |TAMS 0x0000000780900000, 0x0000000780900000| Untracked 
|  10|0x0000000780a00000, 0x0000000780a00000, 0x0000000780b00000|  0%| F|  |TAMS 0x0000000780a00000, 0x0000000780a00000| Untracked 
|  11|0x0000000780b00000, 0x0000000780b00000, 0x0000000780c00000|  0%| F|  |TAMS 0x0000000780b00000, 0x0000000780b00000| Untracked 
|  12|0x0000000780c00000, 0x0000000780c00000, 0x0000000780d00000|  0%| F|  |TAMS 0x0000000780c00000, 0x0000000780c00000| Untracked 
|  13|0x0000000780d00000, 0x0000000780d00000, 0x0000000780e00000|  0%| F|  |TAMS 0x0000000780d00000, 0x0000000780d00000| Untracked 
|  14|0x0000000780e00000, 0x0000000780e00000, 0x0000000780f00000|  0%| F|  |TAMS 0x0000000780e00000, 0x0000000780e00000| Untracked 
|  15|0x0000000780f00000, 0x0000000780f00000, 0x0000000781000000|  0%| F|  |TAMS 0x0000000780f00000, 0x0000000780f00000| Untracked 
|  16|0x0000000781000000, 0x0000000781000000, 0x0000000781100000|  0%| F|  |TAMS 0x0000000781000000, 0x0000000781000000| Untracked 
|  17|0x0000000781100000, 0x0000000781100000, 0x0000000781200000|  0%| F|  |TAMS 0x0000000781100000, 0x0000000781100000| Untracked 
|  18|0x0000000781200000, 0x0000000781200000, 0x0000000781300000|  0%| F|  |TAMS 0x0000000781200000, 0x0000000781200000| Untracked 
|  19|0x0000000781300000, 0x0000000781300000, 0x0000000781400000|  0%| F|  |TAMS 0x0000000781300000, 0x0000000781300000| Untracked 
|  20|0x0000000781400000, 0x0000000781400000, 0x0000000781500000|  0%| F|  |TAMS 0x0000000781400000, 0x0000000781400000| Untracked 
|  21|0x0000000781500000, 0x0000000781500000, 0x0000000781600000|  0%| F|  |TAMS 0x0000000781500000, 0x0000000781500000| Untracked 
|  22|0x0000000781600000, 0x0000000781600000, 0x0000000781700000|  0%| F|  |TAMS 0x0000000781600000, 0x0000000781600000| Untracked 
|  23|0x0000000781700000, 0x0000000781700000, 0x0000000781800000|  0%| F|  |TAMS 0x0000000781700000, 0x0000000781700000| Untracked 
|  24|0x0000000781800000, 0x0000000781800000, 0x0000000781900000|  0%| F|  |TAMS 0x0000000781800000, 0x0000000781800000| Untracked 
|  25|0x0000000781900000, 0x0000000781900000, 0x0000000781a00000|  0%| F|  |TAMS 0x0000000781900000, 0x0000000781900000| Untracked 
|  26|0x0000000781a00000, 0x0000000781a00000, 0x0000000781b00000|  0%| F|  |TAMS 0x0000000781a00000, 0x0000000781a00000| Untracked 
|  27|0x0000000781b00000, 0x0000000781b00000, 0x0000000781c00000|  0%| F|  |TAMS 0x0000000781b00000, 0x0000000781b00000| Untracked 
|  28|0x0000000781c00000, 0x0000000781c00000, 0x0000000781d00000|  0%| F|  |TAMS 0x0000000781c00000, 0x0000000781c00000| Untracked 
|  29|0x0000000781d00000, 0x0000000781d00000, 0x0000000781e00000|  0%| F|  |TAMS 0x0000000781d00000, 0x0000000781d00000| Untracked 
|  30|0x0000000781e00000, 0x0000000781e00000, 0x0000000781f00000|  0%| F|  |TAMS 0x0000000781e00000, 0x0000000781e00000| Untracked 
|  31|0x0000000781f00000, 0x0000000781f00000, 0x0000000782000000|  0%| F|  |TAMS 0x0000000781f00000, 0x0000000781f00000| Untracked 
|  32|0x0000000782000000, 0x0000000782000000, 0x0000000782100000|  0%| F|  |TAMS 0x0000000782000000, 0x0000000782000000| Untracked 
|  33|0x0000000782100000, 0x0000000782100000, 0x0000000782200000|  0%| F|  |TAMS 0x0000000782100000, 0x0000000782100000| Untracked 
|  34|0x0000000782200000, 0x0000000782200000, 0x0000000782300000|  0%| F|  |TAMS 0x0000000782200000, 0x0000000782200000| Untracked 
|  35|0x0000000782300000, 0x0000000782300000, 0x0000000782400000|  0%| F|  |TAMS 0x0000000782300000, 0x0000000782300000| Untracked 
|  36|0x0000000782400000, 0x0000000782400000, 0x0000000782500000|  0%| F|  |TAMS 0x0000000782400000, 0x0000000782400000| Untracked 
|  37|0x0000000782500000, 0x0000000782500000, 0x0000000782600000|  0%| F|  |TAMS 0x0000000782500000, 0x0000000782500000| Untracked 
|  38|0x0000000782600000, 0x0000000782600000, 0x0000000782700000|  0%| F|  |TAMS 0x0000000782600000, 0x0000000782600000| Untracked 
|  39|0x0000000782700000, 0x0000000782700000, 0x0000000782800000|  0%| F|  |TAMS 0x0000000782700000, 0x0000000782700000| Untracked 
|  40|0x0000000782800000, 0x0000000782800000, 0x0000000782900000|  0%| F|  |TAMS 0x0000000782800000, 0x0000000782800000| Untracked 
|  41|0x0000000782900000, 0x0000000782900000, 0x0000000782a00000|  0%| F|  |TAMS 0x0000000782900000, 0x0000000782900000| Untracked 
|  42|0x0000000782a00000, 0x0000000782a00000, 0x0000000782b00000|  0%| F|  |TAMS 0x0000000782a00000, 0x0000000782a00000| Untracked 
|  43|0x0000000782b00000, 0x0000000782b00000, 0x0000000782c00000|  0%| F|  |TAMS 0x0000000782b00000, 0x0000000782b00000| Untracked 
|  44|0x0000000782c00000, 0x0000000782c00000, 0x0000000782d00000|  0%| F|  |TAMS 0x0000000782c00000, 0x0000000782c00000| Untracked 
|  45|0x0000000782d00000, 0x0000000782d00000, 0x0000000782e00000|  0%| F|  |TAMS 0x0000000782d00000, 0x0000000782d00000| Untracked 
|  46|0x0000000782e00000, 0x0000000782e00000, 0x0000000782f00000|  0%| F|  |TAMS 0x0000000782e00000, 0x0000000782e00000| Untracked 
|  47|0x0000000782f00000, 0x0000000782f00000, 0x0000000783000000|  0%| F|  |TAMS 0x0000000782f00000, 0x0000000782f00000| Untracked 
|  48|0x0000000783000000, 0x0000000783000000, 0x0000000783100000|  0%| F|  |TAMS 0x0000000783000000, 0x0000000783000000| Untracked 
|  49|0x0000000783100000, 0x0000000783100000, 0x0000000783200000|  0%| F|  |TAMS 0x0000000783100000, 0x0000000783100000| Untracked 
|  50|0x0000000783200000, 0x0000000783200000, 0x0000000783300000|  0%| F|  |TAMS 0x0000000783200000, 0x0000000783200000| Untracked 
|  51|0x0000000783300000, 0x0000000783300000, 0x0000000783400000|  0%| F|  |TAMS 0x0000000783300000, 0x0000000783300000| Untracked 
|  52|0x0000000783400000, 0x0000000783400000, 0x0000000783500000|  0%| F|  |TAMS 0x0000000783400000, 0x0000000783400000| Untracked 
|  53|0x0000000783500000, 0x0000000783500000, 0x0000000783600000|  0%| F|  |TAMS 0x0000000783500000, 0x0000000783500000| Untracked 
|  54|0x0000000783600000, 0x0000000783600000, 0x0000000783700000|  0%| F|  |TAMS 0x0000000783600000, 0x0000000783600000| Untracked 
|  55|0x0000000783700000, 0x0000000783700000, 0x0000000783800000|  0%| F|  |TAMS 0x0000000783700000, 0x0000000783700000| Untracked 
|  56|0x0000000783800000, 0x0000000783800000, 0x0000000783900000|  0%| F|  |TAMS 0x0000000783800000, 0x0000000783800000| Untracked 
|  57|0x0000000783900000, 0x0000000783900000, 0x0000000783a00000|  0%| F|  |TAMS 0x0000000783900000, 0x0000000783900000| Untracked 
|  58|0x0000000783a00000, 0x0000000783a00000, 0x0000000783b00000|  0%| F|  |TAMS 0x0000000783a00000, 0x0000000783a00000| Untracked 
|  59|0x0000000783b00000, 0x0000000783b00000, 0x0000000783c00000|  0%| F|  |TAMS 0x0000000783b00000, 0x0000000783b00000| Untracked 
|  60|0x0000000783c00000, 0x0000000783c00000, 0x0000000783d00000|  0%| F|  |TAMS 0x0000000783c00000, 0x0000000783c00000| Untracked 
|  61|0x0000000783d00000, 0x0000000783d00000, 0x0000000783e00000|  0%| F|  |TAMS 0x0000000783d00000, 0x0000000783d00000| Untracked 
|  62|0x0000000783e00000, 0x0000000783e00000, 0x0000000783f00000|  0%| F|  |TAMS 0x0000000783e00000, 0x0000000783e00000| Untracked 
|  63|0x0000000783f00000, 0x0000000783f00000, 0x0000000784000000|  0%| F|  |TAMS 0x0000000783f00000, 0x0000000783f00000| Untracked 
|  64|0x0000000784000000, 0x0000000784000000, 0x0000000784100000|  0%| F|  |TAMS 0x0000000784000000, 0x0000000784000000| Untracked 
|  65|0x0000000784100000, 0x0000000784100000, 0x0000000784200000|  0%| F|  |TAMS 0x0000000784100000, 0x0000000784100000| Untracked 
|  66|0x0000000784200000, 0x0000000784200000, 0x0000000784300000|  0%| F|  |TAMS 0x0000000784200000, 0x0000000784200000| Untracked 
|  67|0x0000000784300000, 0x0000000784300000, 0x0000000784400000|  0%| F|  |TAMS 0x0000000784300000, 0x0000000784300000| Untracked 
|  68|0x0000000784400000, 0x0000000784400000, 0x0000000784500000|  0%| F|  |TAMS 0x0000000784400000, 0x0000000784400000| Untracked 
|  69|0x0000000784500000, 0x0000000784500000, 0x0000000784600000|  0%| F|  |TAMS 0x0000000784500000, 0x0000000784500000| Untracked 
|  70|0x0000000784600000, 0x0000000784600000, 0x0000000784700000|  0%| F|  |TAMS 0x0000000784600000, 0x0000000784600000| Untracked 
|  71|0x0000000784700000, 0x0000000784700000, 0x0000000784800000|  0%| F|  |TAMS 0x0000000784700000, 0x0000000784700000| Untracked 
|  72|0x0000000784800000, 0x0000000784800000, 0x0000000784900000|  0%| F|  |TAMS 0x0000000784800000, 0x0000000784800000| Untracked 
|  73|0x0000000784900000, 0x0000000784900000, 0x0000000784a00000|  0%| F|  |TAMS 0x0000000784900000, 0x0000000784900000| Untracked 
|  74|0x0000000784a00000, 0x0000000784a00000, 0x0000000784b00000|  0%| F|  |TAMS 0x0000000784a00000, 0x0000000784a00000| Untracked 
|  75|0x0000000784b00000, 0x0000000784b00000, 0x0000000784c00000|  0%| F|  |TAMS 0x0000000784b00000, 0x0000000784b00000| Untracked 
|  76|0x0000000784c00000, 0x0000000784c00000, 0x0000000784d00000|  0%| F|  |TAMS 0x0000000784c00000, 0x0000000784c00000| Untracked 
|  77|0x0000000784d00000, 0x0000000784d00000, 0x0000000784e00000|  0%| F|  |TAMS 0x0000000784d00000, 0x0000000784d00000| Untracked 
|  78|0x0000000784e00000, 0x0000000784e00000, 0x0000000784f00000|  0%| F|  |TAMS 0x0000000784e00000, 0x0000000784e00000| Untracked 
|  79|0x0000000784f00000, 0x0000000784f00000, 0x0000000785000000|  0%| F|  |TAMS 0x0000000784f00000, 0x0000000784f00000| Untracked 
|  80|0x0000000785000000, 0x0000000785000000, 0x0000000785100000|  0%| F|  |TAMS 0x0000000785000000, 0x0000000785000000| Untracked 
|  81|0x0000000785100000, 0x0000000785100000, 0x0000000785200000|  0%| F|  |TAMS 0x0000000785100000, 0x0000000785100000| Untracked 
|  82|0x0000000785200000, 0x0000000785200000, 0x0000000785300000|  0%| F|  |TAMS 0x0000000785200000, 0x0000000785200000| Untracked 
|  83|0x0000000785300000, 0x0000000785300000, 0x0000000785400000|  0%| F|  |TAMS 0x0000000785300000, 0x0000000785300000| Untracked 
|  84|0x0000000785400000, 0x0000000785400000, 0x0000000785500000|  0%| F|  |TAMS 0x0000000785400000, 0x0000000785400000| Untracked 
|  85|0x0000000785500000, 0x0000000785500000, 0x0000000785600000|  0%| F|  |TAMS 0x0000000785500000, 0x0000000785500000| Untracked 
|  86|0x0000000785600000, 0x0000000785600000, 0x0000000785700000|  0%| F|  |TAMS 0x0000000785600000, 0x0000000785600000| Untracked 
|  87|0x0000000785700000, 0x0000000785700000, 0x0000000785800000|  0%| F|  |TAMS 0x0000000785700000, 0x0000000785700000| Untracked 
|  88|0x0000000785800000, 0x0000000785800000, 0x0000000785900000|  0%| F|  |TAMS 0x0000000785800000, 0x0000000785800000| Untracked 
|  89|0x0000000785900000, 0x0000000785900000, 0x0000000785a00000|  0%| F|  |TAMS 0x0000000785900000, 0x0000000785900000| Untracked 
|  90|0x0000000785a00000, 0x0000000785a00000, 0x0000000785b00000|  0%| F|  |TAMS 0x0000000785a00000, 0x0000000785a00000| Untracked 
|  91|0x0000000785b00000, 0x0000000785b00000, 0x0000000785c00000|  0%| F|  |TAMS 0x0000000785b00000, 0x0000000785b00000| Untracked 
|  92|0x0000000785c00000, 0x0000000785c00000, 0x0000000785d00000|  0%| F|  |TAMS 0x0000000785c00000, 0x0000000785c00000| Untracked 
|  93|0x0000000785d00000, 0x0000000785d00000, 0x0000000785e00000|  0%| F|  |TAMS 0x0000000785d00000, 0x0000000785d00000| Untracked 
|  94|0x0000000785e00000, 0x0000000785e00000, 0x0000000785f00000|  0%| F|  |TAMS 0x0000000785e00000, 0x0000000785e00000| Untracked 
|  95|0x0000000785f00000, 0x0000000785f00000, 0x0000000786000000|  0%| F|  |TAMS 0x0000000785f00000, 0x0000000785f00000| Untracked 
|  96|0x0000000786000000, 0x0000000786000000, 0x0000000786100000|  0%| F|  |TAMS 0x0000000786000000, 0x0000000786000000| Untracked 
|  97|0x0000000786100000, 0x0000000786100000, 0x0000000786200000|  0%| F|  |TAMS 0x0000000786100000, 0x0000000786100000| Untracked 
|  98|0x0000000786200000, 0x0000000786200000, 0x0000000786300000|  0%| F|  |TAMS 0x0000000786200000, 0x0000000786200000| Untracked 
|  99|0x0000000786300000, 0x0000000786300000, 0x0000000786400000|  0%| F|  |TAMS 0x0000000786300000, 0x0000000786300000| Untracked 
| 100|0x0000000786400000, 0x0000000786400000, 0x0000000786500000|  0%| F|  |TAMS 0x0000000786400000, 0x0000000786400000| Untracked 
| 101|0x0000000786500000, 0x0000000786500000, 0x0000000786600000|  0%| F|  |TAMS 0x0000000786500000, 0x0000000786500000| Untracked 
| 102|0x0000000786600000, 0x0000000786700000, 0x0000000786700000|100%| S|CS|TAMS 0x0000000786600000, 0x0000000786600000| Complete 
| 103|0x0000000786700000, 0x0000000786800000, 0x0000000786800000|100%| S|CS|TAMS 0x0000000786700000, 0x0000000786700000| Complete 
| 104|0x0000000786800000, 0x0000000786900000, 0x0000000786900000|100%| S|CS|TAMS 0x0000000786800000, 0x0000000786800000| Complete 
| 105|0x0000000786900000, 0x0000000786900000, 0x0000000786a00000|  0%| F|  |TAMS 0x0000000786900000, 0x0000000786900000| Untracked 
| 106|0x0000000786a00000, 0x0000000786a00000, 0x0000000786b00000|  0%| F|  |TAMS 0x0000000786a00000, 0x0000000786a00000| Untracked 
| 107|0x0000000786b00000, 0x0000000786b00000, 0x0000000786c00000|  0%| F|  |TAMS 0x0000000786b00000, 0x0000000786b00000| Untracked 
| 108|0x0000000786c00000, 0x0000000786c00000, 0x0000000786d00000|  0%| F|  |TAMS 0x0000000786c00000, 0x0000000786c00000| Untracked 
| 109|0x0000000786d00000, 0x0000000786d00000, 0x0000000786e00000|  0%| F|  |TAMS 0x0000000786d00000, 0x0000000786d00000| Untracked 
| 110|0x0000000786e00000, 0x0000000786e00000, 0x0000000786f00000|  0%| F|  |TAMS 0x0000000786e00000, 0x0000000786e00000| Untracked 
| 111|0x0000000786f00000, 0x0000000786f00000, 0x0000000787000000|  0%| F|  |TAMS 0x0000000786f00000, 0x0000000786f00000| Untracked 
| 112|0x0000000787000000, 0x0000000787000000, 0x0000000787100000|  0%| F|  |TAMS 0x0000000787000000, 0x0000000787000000| Untracked 
| 113|0x0000000787100000, 0x0000000787100000, 0x0000000787200000|  0%| F|  |TAMS 0x0000000787100000, 0x0000000787100000| Untracked 
| 114|0x0000000787200000, 0x0000000787200000, 0x0000000787300000|  0%| F|  |TAMS 0x0000000787200000, 0x0000000787200000| Untracked 
| 115|0x0000000787300000, 0x0000000787300000, 0x0000000787400000|  0%| F|  |TAMS 0x0000000787300000, 0x0000000787300000| Untracked 
| 116|0x0000000787400000, 0x0000000787400000, 0x0000000787500000|  0%| F|  |TAMS 0x0000000787400000, 0x0000000787400000| Untracked 
| 117|0x0000000787500000, 0x0000000787500000, 0x0000000787600000|  0%| F|  |TAMS 0x0000000787500000, 0x0000000787500000| Untracked 
| 118|0x0000000787600000, 0x0000000787657910, 0x0000000787700000| 34%| E|  |TAMS 0x0000000787600000, 0x0000000787600000| Complete 
| 119|0x0000000787700000, 0x0000000787800000, 0x0000000787800000|100%| E|CS|TAMS 0x0000000787700000, 0x0000000787700000| Complete 
| 120|0x0000000787800000, 0x0000000787900000, 0x0000000787900000|100%| E|CS|TAMS 0x0000000787800000, 0x0000000787800000| Complete 
| 121|0x0000000787900000, 0x0000000787a00000, 0x0000000787a00000|100%| E|CS|TAMS 0x0000000787900000, 0x0000000787900000| Complete 
| 122|0x0000000787a00000, 0x0000000787b00000, 0x0000000787b00000|100%| E|CS|TAMS 0x0000000787a00000, 0x0000000787a00000| Complete 
| 123|0x0000000787b00000, 0x0000000787c00000, 0x0000000787c00000|100%| E|CS|TAMS 0x0000000787b00000, 0x0000000787b00000| Complete 
| 124|0x0000000787c00000, 0x0000000787d00000, 0x0000000787d00000|100%| E|CS|TAMS 0x0000000787c00000, 0x0000000787c00000| Complete 
| 125|0x0000000787d00000, 0x0000000787e00000, 0x0000000787e00000|100%| E|CS|TAMS 0x0000000787d00000, 0x0000000787d00000| Complete 
| 126|0x0000000787e00000, 0x0000000787f00000, 0x0000000787f00000|100%| E|CS|TAMS 0x0000000787e00000, 0x0000000787e00000| Complete 
| 127|0x0000000787f00000, 0x0000000788000000, 0x0000000788000000|100%| E|CS|TAMS 0x0000000787f00000, 0x0000000787f00000| Complete 
|1022|0x00000007bfe00000, 0x00000007bfe75000, 0x00000007bff00000| 45%|OA|  |TAMS 0x00000007bfe00000, 0x00000007bfe00000| Untracked 
|1023|0x00000007bff00000, 0x00000007bff7d000, 0x00000007c0000000| 48%|CA|  |TAMS 0x00000007bff00000, 0x00000007bff00000| Untracked 

Card table byte_map: [0x0000000110500000,0x0000000110900000] _byte_map_base: 0x000000010c900000

Marking Bits (Prev, Next): (CMBitMap*) 0x00007f8fab008210, (CMBitMap*) 0x00007f8fab008250
 Prev Bits: [0x0000000120bc1000, 0x0000000122bc1000)
 Next Bits: [0x0000000122bc1000, 0x0000000124bc1000)

Polling page: 0x000000010379c000

Metaspace:

Usage:
  Non-class:      8.96 MB used.
      Class:      1.21 MB used.
       Both:     10.17 MB used.

Virtual space:
  Non-class space:       16.00 MB reserved,       9.06 MB ( 57%) committed,  2 nodes.
      Class space:        1.00 GB reserved,       1.31 MB ( <1%) committed,  1 nodes.
              Both:        1.02 GB reserved,      10.38 MB ( <1%) committed. 

Chunk freelists:
   Non-Class:  832.00 KB
       Class:  2.64 MB
        Both:  3.46 MB

MaxMetaspaceSize: 17179869184.00 GB
CompressedClassSpaceSize: 1.00 GB
 - commit_granule_bytes: 65536.
 - commit_granule_words: 8192.
 - virtual_space_node_default_size: 1048576.
 - enlarge_chunks_in_place: 1.
 - new_chunks_are_fully_committed: 0.
 - uncommit_free_chunks: 1.
 - use_allocation_guard: 0.
 - handle_deallocations: 1.


Internal statistics:

num_allocs_failed_limit: 0.
num_arena_births: 82.
num_arena_deaths: 0.
num_vsnodes_births: 3.
num_vsnodes_deaths: 0.
num_space_committed: 166.
num_space_uncommitted: 0.
num_chunks_returned_to_freelist: 0.
num_chunks_taken_from_freelist: 419.
num_chunk_merges: 0.
num_chunk_splits: 309.
num_chunks_enlarged: 275.
num_purges: 0.

CodeHeap 'non-profiled nmethods': size=120028Kb used=366Kb max_used=366Kb free=119661Kb
 bounds [0x000000011968a000, 0x00000001198fa000, 0x0000000120bc1000]
CodeHeap 'profiled nmethods': size=120028Kb used=2150Kb max_used=2150Kb free=117877Kb
 bounds [0x0000000112153000, 0x00000001123c3000, 0x000000011968a000]
CodeHeap 'non-nmethods': size=5704Kb used=1260Kb max_used=1284Kb free=4443Kb
 bounds [0x0000000111bc1000, 0x0000000111e31000, 0x0000000112153000]
 total_blobs=1572 nmethods=1071 adapters=415
 compilation: enabled
              stopped_count=0, restarted_count=0
 full_count=0

Compilation events (20 events):
Event: 0.863 Thread 0x00007f8fa9818600 nmethod 1063 0x0000000112368890 code [0x0000000112368b60, 0x0000000112369ae0]
Event: 0.863 Thread 0x00007f8fa9818600 1064       3       java.util.Locale::equals (75 bytes)
Event: 0.863 Thread 0x00007f8fa9818600 nmethod 1064 0x000000011236a010 code [0x000000011236a220, 0x000000011236a9d0]
Event: 0.863 Thread 0x00007f8fa9818600 1060       1       sun.util.calendar.CalendarDate::setNormalized (6 bytes)
Event: 0.863 Thread 0x00007f8fa9818600 nmethod 1060 0x00000001196e4590 code [0x00000001196e4720, 0x00000001196e47f0]
Event: 0.866 Thread 0x00007f8fa9818600 1065       3       java.util.ArrayList$Itr::next (66 bytes)
Event: 0.866 Thread 0x00007f8fa9818600 nmethod 1065 0x000000011236ab90 code [0x000000011236ada0, 0x000000011236b2c0]
Event: 0.866 Thread 0x00007f8fa9818600 1066       3       java.util.ArrayList$Itr::checkForComodification (23 bytes)
Event: 0.867 Thread 0x00007f8fa9818600 nmethod 1066 0x000000011236b590 code [0x000000011236b740, 0x000000011236b980]
Event: 0.872 Thread 0x00007f8fa9818000 nmethod 1062 0x00000001196e4890 code [0x00000001196e4a20, 0x00000001196e51d8]
Event: 1.010 Thread 0x00007f8fa9818000 1067       4       java.lang.ThreadLocal::getMap (5 bytes)
Event: 1.011 Thread 0x00007f8fa9818000 nmethod 1067 0x00000001196e5490 code [0x00000001196e5620, 0x00000001196e56d8]
Event: 1.020 Thread 0x00007f8fa9818600 1068       1       sun.util.calendar.CalendarDate::setLeapYear (6 bytes)
Event: 1.021 Thread 0x00007f8fa9818600 nmethod 1068 0x00000001196e5790 code [0x00000001196e5920, 0x00000001196e59f0]
Event: 1317.812 Thread 0x00007f8fa9818600 1069       3       scala.collection.AbstractIterable::nonEmpty (5 bytes)
Event: 1317.812 Thread 0x00007f8fa9818600 nmethod 1069 0x000000011236ba90 code [0x000000011236bc40, 0x000000011236bf20]
Event: 1317.812 Thread 0x00007f8fa9818600 1070       3       scala.collection.IterableOnceOps::nonEmpty$ (5 bytes)
Event: 1317.812 Thread 0x00007f8fa9818600 nmethod 1070 0x000000011236c010 code [0x000000011236c1c0, 0x000000011236c480]
Event: 1317.812 Thread 0x00007f8fa9818600 1071       3       scala.collection.IterableOnceOps::nonEmpty (13 bytes)
Event: 1317.813 Thread 0x00007f8fa9818600 nmethod 1071 0x000000011236c590 code [0x000000011236c740, 0x000000011236c980]

GC Heap History (2 events):
Event: 0.598 GC heap before
{Heap before GC invocations=0 (full 0):
 garbage-first heap   total 133120K, used 23496K [0x0000000780000000, 0x0000000800000000)
  region size 1024K, 23 young (23552K), 0 survivors (0K)
 Metaspace       used 7452K, committed 7552K, reserved 1064960K
  class space    used 880K, committed 960K, reserved 1048576K
}
Event: 0.603 GC heap after
{Heap after GC invocations=1 (full 0):
 garbage-first heap   total 133120K, used 4050K [0x0000000780000000, 0x0000000800000000)
  region size 1024K, 3 young (3072K), 3 survivors (3072K)
 Metaspace       used 7452K, committed 7552K, reserved 1064960K
  class space    used 880K, committed 960K, reserved 1048576K
}

Deoptimization events (20 events):
Event: 0.633 Thread 0x00007f8fa880c600 DEOPT PACKING pc=0x00000001122358dc sp=0x000070000a4e6b30
Event: 0.633 Thread 0x00007f8fa880c600 DEOPT UNPACKING pc=0x0000000111c0ebba sp=0x000070000a4e6008 mode 1
Event: 0.636 Thread 0x00007f8fa880c600 DEOPT PACKING pc=0x00000001122dc378 sp=0x000070000a4e5e80
Event: 0.636 Thread 0x00007f8fa880c600 DEOPT UNPACKING pc=0x0000000111c0ebba sp=0x000070000a4e5300 mode 0
Event: 0.653 Thread 0x00007f8fa880c600 DEOPT PACKING pc=0x00000001122dc378 sp=0x000070000a4e2aa0
Event: 0.653 Thread 0x00007f8fa880c600 DEOPT UNPACKING pc=0x0000000111c0ebba sp=0x000070000a4e1f20 mode 0
Event: 0.665 Thread 0x00007f8fa880c600 DEOPT PACKING pc=0x00000001122dc378 sp=0x000070000a4e4fe0
Event: 0.665 Thread 0x00007f8fa880c600 DEOPT UNPACKING pc=0x0000000111c0ebba sp=0x000070000a4e4460 mode 0
Event: 0.670 Thread 0x00007f8fa880c600 DEOPT PACKING pc=0x00000001122dc378 sp=0x000070000a4e3340
Event: 0.670 Thread 0x00007f8fa880c600 DEOPT UNPACKING pc=0x0000000111c0ebba sp=0x000070000a4e27c0 mode 0
Event: 0.682 Thread 0x00007f8fa880c600 DEOPT PACKING pc=0x00000001122dc378 sp=0x000070000a4e33f0
Event: 0.682 Thread 0x00007f8fa880c600 DEOPT UNPACKING pc=0x0000000111c0ebba sp=0x000070000a4e2870 mode 0
Event: 0.700 Thread 0x00007f8fa880c600 DEOPT PACKING pc=0x00000001122dc378 sp=0x000070000a4e50a0
Event: 0.700 Thread 0x00007f8fa880c600 DEOPT UNPACKING pc=0x0000000111c0ebba sp=0x000070000a4e4520 mode 0
Event: 0.713 Thread 0x00007f8fa88fa800 DEOPT PACKING pc=0x00000001122dc378 sp=0x000070000bb2c630
Event: 0.713 Thread 0x00007f8fa88fa800 DEOPT UNPACKING pc=0x0000000111c0ebba sp=0x000070000bb2bab0 mode 0
Event: 0.733 Thread 0x00007f8fa880c600 DEOPT PACKING pc=0x00000001122dc378 sp=0x000070000a4e6730
Event: 0.733 Thread 0x00007f8fa880c600 DEOPT UNPACKING pc=0x0000000111c0ebba sp=0x000070000a4e5bb0 mode 0
Event: 0.743 Thread 0x00007f8fa880c600 DEOPT PACKING pc=0x000000011223e56d sp=0x000070000a4e6400
Event: 0.743 Thread 0x00007f8fa880c600 DEOPT UNPACKING pc=0x0000000111c0ebba sp=0x000070000a4e5880 mode 0

Classes unloaded (0 events):
No events

Classes redefined (15 events):
Event: 294.468 Thread 0x00007f8fa7c2c490 redefined class name=cse250.pa3.DataTools$, count=1
Event: 545.516 Thread 0x00007f8fa7c2c490 redefined class name=cse250.pa3.DataTools$, count=2
Event: 751.025 Thread 0x00007f8fa7c2c490 redefined class name=cse250.pa3.DataTools$, count=3
Event: 1317.257 Thread 0x00007f8fa7c2c490 redefined class name=cse250.pa3.DataTools$, count=4
Event: 1633.323 Thread 0x00007f8fa7c2c490 redefined class name=cse250.pa3.DataTools$, count=5
Event: 1845.709 Thread 0x00007f8fa7c2c490 redefined class name=cse250.pa3.DataTools$, count=6
Event: 2156.193 Thread 0x00007f8fa7c2c490 redefined class name=cse250.pa3.DataTools$, count=7
Event: 2373.457 Thread 0x00007f8fa7c2c490 redefined class name=cse250.pa3.DataTools$, count=8
Event: 3014.458 Thread 0x00007f8fa7c2c490 redefined class name=cse250.pa3.DataTools$, count=9
Event: 3173.854 Thread 0x00007f8fa7c2c490 redefined class name=cse250.objects.VoterRecord, count=1
Event: 3173.854 Thread 0x00007f8fa7c2c490 redefined class name=cse250.pa3.DataTools$, count=10
Event: 3173.855 Thread 0x00007f8fa7c2c490 redefined class name=cse250.pa3.DataToolsTests, count=1
Event: 3173.855 Thread 0x00007f8fa7c2c490 redefined class name=cse250.objects.HealthRecord, count=1
Event: 3220.750 Thread 0x00007f8fa7c2c490 redefined class name=cse250.pa3.DataTools$, count=11
Event: 3513.858 Thread 0x00007f8fa7c2c490 redefined class name=cse250.pa3.DataTools$, count=12

Internal exceptions (20 events):
Event: 0.478 Thread 0x00007f8fa880c600 Exception <a 'java/lang/NoSuchMethodError'{0x0000000786ea43d0}: 'java.lang.Object java.lang.invoke.DirectMethodHandle$Holder.invokeStaticInit(java.lang.Object, double)'> (0x0000000786ea43d0) 
thrown [./open/src/hotspot/share/interpreter/linkResolver.cpp, line 790]
Event: 0.479 Thread 0x00007f8fa880c600 Exception <a 'java/lang/NoSuchMethodError'{0x0000000786eabfd0}: 'java.lang.Object java.lang.invoke.DirectMethodHandle$Holder.newInvokeSpecial(java.lang.Object, double)'> (0x0000000786eabfd0) 
thrown [./open/src/hotspot/share/interpreter/linkResolver.cpp, line 790]
Event: 0.489 Thread 0x00007f8fa880c600 Exception <a 'java/lang/NoSuchMethodError'{0x0000000786ee56e0}: 'java.lang.Object java.lang.invoke.DirectMethodHandle$Holder.invokeStaticInit(java.lang.Object, long)'> (0x0000000786ee56e0) 
thrown [./open/src/hotspot/share/interpreter/linkResolver.cpp, line 790]
Event: 0.490 Thread 0x00007f8fa880c600 Exception <a 'java/lang/NoSuchMethodError'{0x0000000786eecea8}: 'java.lang.Object java.lang.invoke.DirectMethodHandle$Holder.newInvokeSpecial(java.lang.Object, long)'> (0x0000000786eecea8) 
thrown [./open/src/hotspot/share/interpreter/linkResolver.cpp, line 790]
Event: 0.612 Thread 0x00007f8fa880c600 Exception <a 'java/lang/NoSuchMethodError'{0x0000000787f62410}: 'void java.lang.invoke.DirectMethodHandle$Holder.invokeSpecial(java.lang.Object, java.lang.Object, java.lang.Object)'> (0x0000000787f62410) 
thrown [./open/src/hotspot/share/interpreter/linkResolver.cpp, line 790]
Event: 0.614 Thread 0x00007f8fa880c600 Exception <a 'java/lang/NoSuchMethodError'{0x0000000787f6b590}: 'java.lang.Object java.lang.invoke.DirectMethodHandle$Holder.invokeInterface(java.lang.Object, java.lang.Object)'> (0x0000000787f6b590) 
thrown [./open/src/hotspot/share/interpreter/linkResolver.cpp, line 790]
Event: 0.687 Thread 0x00007f8fa880c600 Exception <a 'java/lang/NoSuchMethodError'{0x0000000787dfe7a8}: 'java.lang.Object java.lang.invoke.DirectMethodHandle$Holder.newInvokeSpecial(java.lang.Object, java.lang.Object, java.lang.Object, java.lang.Object, java.lang.Object)'> (0x0000000787dfe7a8) 
thrown [./open/src/hotspot/share/interpreter/linkResolver.cpp, line 790]
Event: 0.714 Thread 0x00007f8fa880c600 Exception <a 'java/lang/NoSuchMethodError'{0x0000000787cb9090}: 'java.lang.Object java.lang.invoke.DirectMethodHandle$Holder.newInvokeSpecial(java.lang.Object, java.lang.Object, java.lang.Object, java.lang.Object, java.lang.Object, java.lang.Object, java.lang.Object, java.lang.Object)'> (0x0000000787cb9090) 
thrown [./open/src/hotspot/share/interpreter/linkResolver.cpp, line 790]
Event: 0.715 Thread 0x00007f8fa880c600 Exception <a 'java/lang/NoSuchMethodError'{0x0000000787cbe1d0}: 'java.lang.Object java.lang.invoke.DirectMethodHandle$Holder.invokeSpecial(java.lang.Object, java.lang.Object, java.lang.Object, java.lang.Object, java.lang.Object, java.lang.Object, java.lang.Object, java.lang.Object, java.lang.Object)'> (0x0000000787cbe1d0) 
thrown [./open/src/hotspot/share/interpreter/linkResolver.cpp, line 790]
Event: 0.715 Thread 0x00007f8fa880c600 Exception <a 'java/lang/NoSuchMethodError'{0x0000000787cc2db0}: 'java.lang.Object java.lang.invoke.Invokers$Holder.linkToTargetMethod(java.lang.Object, java.lang.Object, java.lang.Object, java.lang.Object, java.lang.Object, java.lang.Object, java.lang.Object, java.lang.Object)'> (0x0000000787cc2db0) 
thrown [./open/src/hotspot/share/interpreter/linkResolver.cpp, line 790]
Event: 0.740 Thread 0x00007f8fa880c600 Exception <a 'java/lang/NoSuchMethodError'{0x0000000787a20aa0}: 'java.lang.Object java.lang.invoke.DirectMethodHandle$Holder.newInvokeSpecial(java.lang.Object, java.lang.Object, java.lang.Object, java.lang.Object, java.lang.Object, java.lang.Object, java.lang.Object, int)'> (0x0000000787a20aa0) 
thrown [./open/src/hotspot/share/interpreter/linkResolver.cpp, line 790]
Event: 0.741 Thread 0x00007f8fa880c600 Exception <a 'java/lang/NoSuchMethodError'{0x0000000787a25f08}: 'java.lang.Object java.lang.invoke.DirectMethodHandle$Holder.invokeSpecial(java.lang.Object, java.lang.Object, java.lang.Object, java.lang.Object, java.lang.Object, java.lang.Object, java.lang.Object, java.lang.Object, int)'> (0x0000000787a25f08) 
thrown [./open/src/hotspot/share/interpreter/linkResolver.cpp, line 790]
Event: 0.753 Thread 0x00007f8fa880c600 Exception <a 'java/lang/NoSuchMethodError'{0x0000000787a9a688}: 'java.lang.Object java.lang.invoke.DirectMethodHandle$Holder.newInvokeSpecial(java.lang.Object, java.lang.Object, java.lang.Object, java.lang.Object, java.lang.Object, java.lang.Object, int)'> (0x0000000787a9a688) 
thrown [./open/src/hotspot/share/interpreter/linkResolver.cpp, line 790]
Event: 0.753 Thread 0x00007f8fa880c600 Exception <a 'java/lang/NoSuchMethodError'{0x0000000787a9f3a8}: 'java.lang.Object java.lang.invoke.DirectMethodHandle$Holder.invokeSpecial(java.lang.Object, java.lang.Object, java.lang.Object, java.lang.Object, java.lang.Object, java.lang.Object, java.lang.Object, int)'> (0x0000000787a9f3a8) 
thrown [./open/src/hotspot/share/interpreter/linkResolver.cpp, line 790]
Event: 0.758 Thread 0x00007f8fa880c600 Exception <a 'java/lang/NoSuchMethodError'{0x0000000787ac1b28}: 'java.lang.Object java.lang.invoke.DirectMethodHandle$Holder.newInvokeSpecial(java.lang.Object, java.lang.Object, java.lang.Object, java.lang.Object, java.lang.Object, java.lang.Object)'> (0x0000000787ac1b28) 
thrown [./open/src/hotspot/share/interpreter/linkResolver.cpp, line 790]
Event: 0.801 Thread 0x00007f8fa880c600 Exception <a 'java/lang/NoSuchMethodError'{0x00000007879a9460}: 'java.lang.Object java.lang.invoke.DirectMethodHandle$Holder.invokeStatic(java.lang.Object, java.lang.Object, int, java.lang.Object)'> (0x00000007879a9460) 
thrown [./open/src/hotspot/share/interpreter/linkResolver.cpp, line 790]
Event: 0.802 Thread 0x00007f8fa880c600 Exception <a 'java/lang/NoSuchMethodError'{0x00000007879b2048}: 'java.lang.Object java.lang.invoke.DirectMethodHandle$Holder.newInvokeSpecial(java.lang.Object, java.lang.Object, int, java.lang.Object)'> (0x00000007879b2048) 
thrown [./open/src/hotspot/share/interpreter/linkResolver.cpp, line 790]
Event: 0.802 Thread 0x00007f8fa880c600 Exception <a 'java/lang/NoSuchMethodError'{0x00000007879b6608}: 'java.lang.Object java.lang.invoke.DirectMethodHandle$Holder.invokeSpecial(java.lang.Object, java.lang.Object, java.lang.Object, int, java.lang.Object)'> (0x00000007879b6608) 
thrown [./open/src/hotspot/share/interpreter/linkResolver.cpp, line 790]
Event: 0.803 Thread 0x00007f8fa880c600 Exception <a 'java/lang/NoSuchMethodError'{0x00000007879c0950}: 'void java.lang.invoke.DirectMethodHandle$Holder.invokeStatic(java.lang.Object, java.lang.Object)'> (0x00000007879c0950) 
thrown [./open/src/hotspot/share/interpreter/linkResolver.cpp, line 790]
Event: 0.825 Thread 0x00007f8fa880c600 Exception <a 'java/lang/NoSuchMethodError'{0x00000007878528d8}: 'long java.lang.invoke.DirectMethodHandle$Holder.invokeStatic(java.lang.Object, long)'> (0x00000007878528d8) 
thrown [./open/src/hotspot/share/interpreter/linkResolver.cpp, line 790]

Events (20 events):
Event: 3361.580 Executing  VM operation: ChangeBreakpoints done
Event: 3383.252 Executing  VM operation: ChangeBreakpoints
Event: 3383.252 Executing  VM operation: ChangeBreakpoints done
Event: 3383.723 Executing  VM operation: ChangeBreakpoints
Event: 3383.723 Executing  VM operation: ChangeBreakpoints done
Event: 3424.719 Executing  VM operation: ChangeBreakpoints
Event: 3424.719 Executing  VM operation: ChangeBreakpoints done
Event: 3485.102 Executing  VM operation: ChangeBreakpoints
Event: 3485.104 Executing  VM operation: ChangeBreakpoints done
Event: 3513.852 Executing  VM operation: ChangeBreakpoints
Event: 3513.853 Executing  VM operation: ChangeBreakpoints done
Event: 3513.853 Executing  VM operation: ChangeBreakpoints
Event: 3513.853 Executing  VM operation: ChangeBreakpoints done
Event: 3513.854 Executing  VM operation: ChangeBreakpoints
Event: 3513.854 Executing  VM operation: ChangeBreakpoints done
Event: 3513.857 Executing  VM operation: RedefineClasses
Event: 3513.862 Executing  VM operation: RedefineClasses done
Event: 3514.252 Executing  VM operation: ChangeBreakpoints
Event: 3514.252 Executing  VM operation: ChangeBreakpoints done
Event: 3514.339 Executing  VM operation: get/set locals


Dynamic libraries:
0x00007fff2a61f000 	/usr/lib/libz.1.dylib
0x0000000103762000 	/Users/rruchasingh/Library/Java/JavaVirtualMachines/openjdk-16.0.2/Contents/Home/lib/libjli.dylib
0x00007fff35053000 	/System/Library/Frameworks/Cocoa.framework/Versions/A/Cocoa
0x00007fff2239d000 	/System/Library/Frameworks/Security.framework/Versions/A/Security
0x00007fff3325b000 	/System/Library/Frameworks/ApplicationServices.framework/Versions/A/ApplicationServices
0x00007fff2a6e7000 	/usr/lib/libSystem.B.dylib
0x00007fff2a6e1000 	/usr/lib/system/libcache.dylib
0x00007fff2a69d000 	/usr/lib/system/libcommonCrypto.dylib
0x00007fff2a6c7000 	/usr/lib/system/libcompiler_rt.dylib
0x00007fff2a6bc000 	/usr/lib/system/libcopyfile.dylib
0x00007fff20296000 	/usr/lib/system/libcorecrypto.dylib
0x00007fff20361000 	/usr/lib/system/libdispatch.dylib
0x00007fff20514000 	/usr/lib/system/libdyld.dylib
0x00007fff2a6d8000 	/usr/lib/system/libkeymgr.dylib
0x00007fff2daeb000 	/usr/lib/system/liblaunch.dylib
0x00007fff2a67b000 	/usr/lib/system/libmacho.dylib
0x00007fff29e73000 	/usr/lib/system/libquarantine.dylib
0x00007fff2a6d5000 	/usr/lib/system/libremovefile.dylib
0x00007fff24d79000 	/usr/lib/system/libsystem_asl.dylib
0x00007fff20246000 	/usr/lib/system/libsystem_blocks.dylib
0x00007fff203e3000 	/usr/lib/system/libsystem_c.dylib
0x00007fff2a6cf000 	/usr/lib/system/libsystem_collections.dylib
0x00007fff29179000 	/usr/lib/system/libsystem_configuration.dylib
0x00007fff28465000 	/usr/lib/system/libsystem_containermanager.dylib
0x00007fff2a41e000 	/usr/lib/system/libsystem_coreservices.dylib
0x00007fff22955000 	/usr/lib/system/libsystem_darwin.dylib
0x00007fff2a6d9000 	/usr/lib/system/libsystem_dnssd.dylib
0x00007fff203e0000 	/usr/lib/system/libsystem_featureflags.dylib
0x00007fff2055a000 	/usr/lib/system/libsystem_info.dylib
0x00007fff2a632000 	/usr/lib/system/libsystem_m.dylib
0x00007fff20334000 	/usr/lib/system/libsystem_malloc.dylib
0x00007fff24d0c000 	/usr/lib/system/libsystem_networkextension.dylib
0x00007fff22d74000 	/usr/lib/system/libsystem_notify.dylib
0x00007fff2ff82000 	/usr/lib/system/libsystem_product_info_filter.dylib
0x00007fff2917d000 	/usr/lib/system/libsystem_sandbox.dylib
0x00007fff2a6d2000 	/usr/lib/system/libsystem_secinit.dylib
0x00007fff204d8000 	/usr/lib/system/libsystem_kernel.dylib
0x00007fff20550000 	/usr/lib/system/libsystem_platform.dylib
0x00007fff20508000 	/usr/lib/system/libsystem_pthread.dylib
0x00007fff26456000 	/usr/lib/system/libsystem_symptoms.dylib
0x00007fff2027e000 	/usr/lib/system/libsystem_trace.dylib
0x00007fff2a6a9000 	/usr/lib/system/libunwind.dylib
0x00007fff20248000 	/usr/lib/system/libxpc.dylib
0x00007fff204c2000 	/usr/lib/libc++abi.dylib
0x00007fff203a6000 	/usr/lib/libobjc.A.dylib
0x00007fff2a6b4000 	/usr/lib/liboah.dylib
0x00007fff2046c000 	/usr/lib/libc++.1.dylib
0x00007fff20586000 	/System/Library/Frameworks/CoreFoundation.framework/Versions/A/CoreFoundation
0x00007fff21335000 	/System/Library/Frameworks/Foundation.framework/Versions/C/Foundation
0x00007fff22dce000 	/System/Library/Frameworks/AppKit.framework/Versions/C/AppKit
0x00007fff25c92000 	/System/Library/Frameworks/CoreData.framework/Versions/A/CoreData
0x00007fff23b1a000 	/System/Library/PrivateFrameworks/UIFoundation.framework/Versions/A/UIFoundation
0x00007fff2fd15000 	/System/Library/PrivateFrameworks/RemoteViewServices.framework/Versions/A/RemoteViewServices
0x00007fff28b2b000 	/System/Library/PrivateFrameworks/XCTTargetBootstrap.framework/Versions/A/XCTTargetBootstrap
0x00007fff2b811000 	/usr/lib/libspindump.dylib
0x00007fff23d69000 	/System/Library/Frameworks/UniformTypeIdentifiers.framework/Versions/A/UniformTypeIdentifiers
0x00007fff2732f000 	/usr/lib/libapp_launch_measurement.dylib
0x00007fff27332000 	/System/Library/PrivateFrameworks/CoreAutoLayout.framework/Versions/A/CoreAutoLayout
0x00007fff28492000 	/System/Library/Frameworks/Metal.framework/Versions/A/Metal
0x00007fff29188000 	/usr/lib/liblangid.dylib
0x00007fff28b2f000 	/System/Library/PrivateFrameworks/CoreSVG.framework/Versions/A/CoreSVG
0x00007fff24da9000 	/System/Library/PrivateFrameworks/SkyLight.framework/Versions/A/SkyLight
0x00007fff2510f000 	/System/Library/Frameworks/CoreGraphics.framework/Versions/A/CoreGraphics
0x00007fff3023c000 	/System/Library/Frameworks/Accelerate.framework/Versions/A/Accelerate
0x00007fff2b24f000 	/System/Library/PrivateFrameworks/IconServices.framework/Versions/A/IconServices
0x00007fff28476000 	/System/Library/Frameworks/IOSurface.framework/Versions/A/IOSurface
0x00007fff2661a000 	/usr/lib/libDiagnosticMessagesClient.dylib
0x00007fff28b17000 	/System/Library/PrivateFrameworks/DFRFoundation.framework/Versions/A/DFRFoundation
0x00007fff226f5000 	/usr/lib/libicucore.A.dylib
0x00007fff2cd54000 	/System/Library/Frameworks/AudioToolbox.framework/Versions/A/AudioToolbox
0x00007fff2bfdc000 	/System/Library/PrivateFrameworks/DataDetectorsCore.framework/Versions/A/DataDetectorsCore
0x00007fff24d1c000 	/usr/lib/libMobileGestalt.dylib
0x00007fff2881b000 	/System/Library/Frameworks/Carbon.framework/Versions/A/Frameworks/HIToolbox.framework/Versions/A/HIToolbox
0x00007fff26d74000 	/System/Library/Frameworks/QuartzCore.framework/Versions/A/QuartzCore
0x00007fff2fd4d000 	/System/Library/Frameworks/Carbon.framework/Versions/A/Frameworks/SpeechRecognition.framework/Versions/A/SpeechRecognition
0x00007fff27094000 	/System/Library/PrivateFrameworks/CoreUI.framework/Versions/A/CoreUI
0x00007fff21d0b000 	/System/Library/Frameworks/CoreAudio.framework/Versions/A/CoreAudio
0x00007fff26705000 	/System/Library/Frameworks/DiskArbitration.framework/Versions/A/DiskArbitration
0x00007fff2bbdf000 	/System/Library/PrivateFrameworks/MultitouchSupport.framework/Versions/A/MultitouchSupport
0x00007fff2bfd3000 	/System/Library/PrivateFrameworks/InternationalSupport.framework/Versions/A/InternationalSupport
0x00007fff24d1b000 	/usr/lib/libenergytrace.dylib
0x00007fff22cc5000 	/System/Library/Frameworks/IOKit.framework/Versions/A/IOKit
0x00007fff30080000 	/System/Library/Frameworks/CoreServices.framework/Versions/A/CoreServices
0x00007fff272c1000 	/System/Library/PrivateFrameworks/PerformanceAnalysis.framework/Versions/A/PerformanceAnalysis
0x00007fff6bbed000 	/System/Library/Frameworks/OpenGL.framework/Versions/A/OpenGL
0x00007fff2c057000 	/System/Library/PrivateFrameworks/UserActivity.framework/Versions/A/UserActivity
0x00007fff25799000 	/System/Library/Frameworks/ColorSync.framework/Versions/A/ColorSync
0x00007fff28d96000 	/System/Library/Frameworks/CoreImage.framework/Versions/A/CoreImage
0x00007fff21b25000 	/System/Library/Frameworks/CoreText.framework/Versions/A/CoreText
0x00007fff28b59000 	/System/Library/Frameworks/ImageIO.framework/Versions/A/ImageIO
0x00007fff2a6ed000 	/System/Library/PrivateFrameworks/SoftLinking.framework/Versions/A/SoftLinking
0x00007fff2737a000 	/usr/lib/libxml2.2.dylib
0x00007fff2a95e000 	/usr/lib/libcompression.dylib
0x00007fff2bf05000 	/System/Library/PrivateFrameworks/TextureIO.framework/Versions/A/TextureIO
0x00007fff2af8d000 	/usr/lib/libate.dylib
0x00007fff2ad72000 	/usr/lib/liblzma.5.dylib
0x00007fff21049000 	/System/Library/Frameworks/SystemConfiguration.framework/Versions/A/SystemConfiguration
0x00007fff2a6e9000 	/usr/lib/libfakelink.dylib
0x00007fff2486d000 	/System/Library/Frameworks/CFNetwork.framework/Versions/A/CFNetwork
0x00007fff2a829000 	/usr/lib/libarchive.2.dylib
0x00007fff210c7000 	/usr/lib/libCRFSuite.dylib
0x00007fff29e9a000 	/usr/lib/libbsm.0.dylib
0x00007fff241e6000 	/usr/lib/libnetwork.dylib
0x00007fff2a6ee000 	/usr/lib/libpcap.A.dylib
0x00007fff2644f000 	/usr/lib/libdns_services.dylib
0x00007fff2ad8b000 	/usr/lib/libcoretls_cfhelpers.dylib
0x00007fff2a928000 	/usr/lib/libapple_nghttp2.dylib
0x00007fff2a681000 	/usr/lib/system/libkxld.dylib
0x00007fff260c8000 	/usr/lib/libsqlite3.dylib
0x00007fff2a401000 	/System/Library/PrivateFrameworks/AppleFSCompression.framework/Versions/A/AppleFSCompression
0x00007fff29e82000 	/usr/lib/libcoretls.dylib
0x00007fff2a959000 	/usr/lib/libpam.2.dylib
0x00007fff2ae89000 	/usr/lib/libxar.1.dylib
0x00007fff29184000 	/System/Library/PrivateFrameworks/AppleSystemInfo.framework/Versions/A/AppleSystemInfo
0x00007fff29ac4000 	/System/Library/PrivateFrameworks/IOMobileFramebuffer.framework/Versions/A/IOMobileFramebuffer
0x00007fff2a411000 	/usr/lib/libbz2.1.0.dylib
0x00007fff2a726000 	/usr/lib/libiconv.2.dylib
0x00007fff2a67a000 	/usr/lib/libcharset.1.dylib
0x00007fff272fd000 	/System/Library/Frameworks/CoreServices.framework/Versions/A/Frameworks/FSEvents.framework/Versions/A/FSEvents
0x00007fff2295f000 	/System/Library/Frameworks/CoreServices.framework/Versions/A/Frameworks/CarbonCore.framework/Versions/A/CarbonCore
0x00007fff2666a000 	/System/Library/Frameworks/CoreServices.framework/Versions/A/Frameworks/Metadata.framework/Versions/A/Metadata
0x00007fff2a423000 	/System/Library/Frameworks/CoreServices.framework/Versions/A/Frameworks/OSServices.framework/Versions/A/OSServices
0x00007fff2a89b000 	/System/Library/Frameworks/CoreServices.framework/Versions/A/Frameworks/SearchKit.framework/Versions/A/SearchKit
0x00007fff263da000 	/System/Library/Frameworks/CoreServices.framework/Versions/A/Frameworks/AE.framework/Versions/A/AE
0x00007fff20a24000 	/System/Library/Frameworks/CoreServices.framework/Versions/A/Frameworks/LaunchServices.framework/Versions/A/LaunchServices
0x00007fff2ad22000 	/System/Library/Frameworks/CoreServices.framework/Versions/A/Frameworks/DictionaryServices.framework/Versions/A/DictionaryServices
0x00007fff2730a000 	/System/Library/Frameworks/CoreServices.framework/Versions/A/Frameworks/SharedFileList.framework/Versions/A/SharedFileList
0x00007fff29e76000 	/usr/lib/libCheckFix.dylib
0x00007fff24d90000 	/System/Library/PrivateFrameworks/TCC.framework/Versions/A/TCC
0x00007fff2918a000 	/System/Library/PrivateFrameworks/CoreNLP.framework/Versions/A/CoreNLP
0x00007fff2661d000 	/System/Library/PrivateFrameworks/MetadataUtilities.framework/Versions/A/MetadataUtilities
0x00007fff210fc000 	/usr/lib/libmecabra.dylib
0x00007fff2a180000 	/System/Library/Frameworks/MLCompute.framework/Versions/A/MLCompute
0x00007fff29eab000 	/usr/lib/libmecab.dylib
0x00007fff29ef5000 	/usr/lib/libgermantok.dylib
0x00007fff2a903000 	/usr/lib/libThaiTokenizer.dylib
0x00007fff2aec4000 	/usr/lib/libChineseTokenizer.dylib
0x00007fff2a957000 	/System/Library/Frameworks/MetalPerformanceShaders.framework/Versions/A/MetalPerformanceShaders
0x00007fff2670c000 	/System/Library/Frameworks/Accelerate.framework/Versions/A/Frameworks/vImage.framework/Versions/A/vImage
0x00007fff3005a000 	/System/Library/Frameworks/Accelerate.framework/Versions/A/Frameworks/vecLib.framework/Versions/A/vecLib
0x00007fff2aecf000 	/System/Library/Frameworks/Accelerate.framework/Versions/A/Frameworks/vecLib.framework/Versions/A/libvMisc.dylib
0x00007fff298df000 	/System/Library/Frameworks/Accelerate.framework/Versions/A/Frameworks/vecLib.framework/Versions/A/libvDSP.dylib
0x00007fff20d2f000 	/System/Library/Frameworks/Accelerate.framework/Versions/A/Frameworks/vecLib.framework/Versions/A/libBLAS.dylib
0x00007fff2a984000 	/System/Library/Frameworks/Accelerate.framework/Versions/A/Frameworks/vecLib.framework/Versions/A/libLAPACK.dylib
0x00007fff29efb000 	/System/Library/Frameworks/Accelerate.framework/Versions/A/Frameworks/vecLib.framework/Versions/A/libLinearAlgebra.dylib
0x00007fff2a940000 	/System/Library/Frameworks/Accelerate.framework/Versions/A/Frameworks/vecLib.framework/Versions/A/libSparseBLAS.dylib
0x00007fff2a97e000 	/System/Library/Frameworks/Accelerate.framework/Versions/A/Frameworks/vecLib.framework/Versions/A/libQuadrature.dylib
0x00007fff29236000 	/System/Library/Frameworks/Accelerate.framework/Versions/A/Frameworks/vecLib.framework/Versions/A/libBNNS.dylib
0x00007fff20fda000 	/System/Library/Frameworks/Accelerate.framework/Versions/A/Frameworks/vecLib.framework/Versions/A/libSparse.dylib
0x00007fff29112000 	/System/Library/Frameworks/MetalPerformanceShaders.framework/Versions/A/Frameworks/MPSCore.framework/Versions/A/MPSCore
0x00007fff2a370000 	/System/Library/Frameworks/MetalPerformanceShaders.framework/Versions/A/Frameworks/MPSImage.framework/Versions/A/MPSImage
0x00007fff29f11000 	/System/Library/Frameworks/MetalPerformanceShaders.framework/Versions/A/Frameworks/MPSNeuralNetwork.framework/Versions/A/MPSNeuralNetwork
0x00007fff2a2e2000 	/System/Library/Frameworks/MetalPerformanceShaders.framework/Versions/A/Frameworks/MPSMatrix.framework/Versions/A/MPSMatrix
0x00007fff2a130000 	/System/Library/Frameworks/MetalPerformanceShaders.framework/Versions/A/Frameworks/MPSRayIntersector.framework/Versions/A/MPSRayIntersector
0x00007fff2a319000 	/System/Library/Frameworks/MetalPerformanceShaders.framework/Versions/A/Frameworks/MPSNDArray.framework/Versions/A/MPSNDArray
0x00007fff20c5a000 	/System/Library/PrivateFrameworks/MetalTools.framework/Versions/A/MetalTools
0x00007fff29182000 	/System/Library/PrivateFrameworks/AggregateDictionary.framework/Versions/A/AggregateDictionary
0x00007fff265ea000 	/System/Library/PrivateFrameworks/CoreAnalytics.framework/Versions/A/CoreAnalytics
0x00007fff2a905000 	/System/Library/PrivateFrameworks/AppleSauce.framework/Versions/A/AppleSauce
0x00007fff28488000 	/System/Library/PrivateFrameworks/IOAccelerator.framework/Versions/A/IOAccelerator
0x00007fff6bbe1000 	/System/Library/Frameworks/OpenGL.framework/Versions/A/Libraries/libCoreFSCache.dylib
0x00007fff21694000 	/System/Library/PrivateFrameworks/LanguageModeling.framework/Versions/A/LanguageModeling
0x00007fff29ab2000 	/System/Library/PrivateFrameworks/CoreEmoji.framework/Versions/A/CoreEmoji
0x00007fff2922f000 	/System/Library/PrivateFrameworks/LinguisticData.framework/Versions/A/LinguisticData
0x00007fff20f8c000 	/System/Library/PrivateFrameworks/Lexicon.framework/Versions/A/Lexicon
0x00007fff2a817000 	/usr/lib/libcmph.dylib
0x00007fff272dd000 	/System/Library/Frameworks/OpenDirectory.framework/Versions/A/Frameworks/CFOpenDirectory.framework/Versions/A/CFOpenDirectory
0x00007fff272cd000 	/System/Library/Frameworks/OpenDirectory.framework/Versions/A/OpenDirectory
0x00007fff2ad8d000 	/System/Library/PrivateFrameworks/APFS.framework/Versions/A/APFS
0x00007fff29dd8000 	/System/Library/Frameworks/SecurityFoundation.framework/Versions/A/SecurityFoundation
0x00007fff2ae97000 	/usr/lib/libutil.dylib
0x00007fff22c8a000 	/System/Library/PrivateFrameworks/CoreServicesStore.framework/Versions/A/CoreServicesStore
0x00007fff29e6e000 	/System/Library/Frameworks/ServiceManagement.framework/Versions/A/ServiceManagement
0x00007fff2ae9b000 	/usr/lib/libxslt.1.dylib
0x00007fff29e64000 	/System/Library/PrivateFrameworks/BackgroundTaskManagement.framework/Versions/A/BackgroundTaskManagement
0x00007fff2be4f000 	/System/Library/Frameworks/ImageIO.framework/Versions/A/Resources/libRadiance.dylib
0x00007fff2be59000 	/System/Library/Frameworks/ImageIO.framework/Versions/A/Resources/libJPEG.dylib
0x00007fff2bda9000 	/System/Library/Frameworks/ImageIO.framework/Versions/A/Resources/libPng.dylib
0x00007fff2bdca000 	/System/Library/Frameworks/ImageIO.framework/Versions/A/Resources/libTIFF.dylib
0x00007fff2beae000 	/System/Library/Frameworks/ImageIO.framework/Versions/A/Resources/libGIF.dylib
0x00007fff2bafb000 	/System/Library/Frameworks/ImageIO.framework/Versions/A/Resources/libJP2.dylib
0x00007fff2b216000 	/usr/lib/libexpat.1.dylib
0x00007fff2bab1000 	/System/Library/PrivateFrameworks/AppleJPEG.framework/Versions/A/AppleJPEG
0x00007fff286be000 	/System/Library/PrivateFrameworks/FontServices.framework/libFontParser.dylib
0x00007fff26391000 	/System/Library/PrivateFrameworks/RunningBoardServices.framework/Versions/A/RunningBoardServices
0x00007fff2bbdb000 	/System/Library/PrivateFrameworks/WatchdogClient.framework/Versions/A/WatchdogClient
0x00007fff2177d000 	/System/Library/Frameworks/CoreDisplay.framework/Versions/A/CoreDisplay
0x00007fff285d3000 	/System/Library/Frameworks/CoreMedia.framework/Versions/A/CoreMedia
0x00007fff2745d000 	/System/Library/Frameworks/CoreVideo.framework/Versions/A/CoreVideo
0x00007fff2bc16000 	/System/Library/Frameworks/VideoToolbox.framework/Versions/A/VideoToolbox
0x00007fff26311000 	/System/Library/PrivateFrameworks/BaseBoard.framework/Versions/A/BaseBoard
0x00007fff2b35b000 	/System/Library/PrivateFrameworks/PersistentConnection.framework/Versions/A/PersistentConnection
0x00007fff260b2000 	/System/Library/PrivateFrameworks/ProtocolBuffer.framework/Versions/A/ProtocolBuffer
0x00007fff262f9000 	/System/Library/PrivateFrameworks/CommonUtilities.framework/Versions/A/CommonUtilities
0x00007fff2ba74000 	/System/Library/PrivateFrameworks/Bom.framework/Versions/A/Bom
0x00007fff2be47000 	/System/Library/PrivateFrameworks/GPUWrangler.framework/Versions/A/GPUWrangler
0x00007fff2be2a000 	/System/Library/PrivateFrameworks/IOPresentment.framework/Versions/A/IOPresentment
0x00007fff2be53000 	/System/Library/PrivateFrameworks/DSExternalDisplay.framework/Versions/A/DSExternalDisplay
0x00007fff2beb3000 	/System/Library/PrivateFrameworks/CMCaptureCore.framework/Versions/A/CMCaptureCore
0x00007fff2b7f7000 	/System/Library/PrivateFrameworks/AppServerSupport.framework/Versions/A/AppServerSupport
0x00007fff2d88e000 	/System/Library/PrivateFrameworks/perfdata.framework/Versions/A/perfdata
0x00007fff29dc7000 	/System/Library/PrivateFrameworks/AssertionServices.framework/Versions/A/AssertionServices
0x00007fff218b4000 	/System/Library/PrivateFrameworks/AudioToolboxCore.framework/Versions/A/AudioToolboxCore
0x00007fff285b6000 	/System/Library/PrivateFrameworks/caulk.framework/Versions/A/caulk
0x00007fff3cd3a000 	/System/Library/PrivateFrameworks/SystemPolicy.framework/Versions/A/SystemPolicy
0x00007fff2b025000 	/usr/lib/libIOReport.dylib
0x00007fff2d0ca000 	/usr/lib/libSMC.dylib
0x00007fff2bd75000 	/usr/lib/libAudioToolboxUtility.dylib
0x00007fff3d697000 	/usr/lib/libmis.dylib
0x00007fff6bc3d000 	/System/Library/Frameworks/OpenGL.framework/Versions/A/Libraries/libGLU.dylib
0x00007fff6bc00000 	/System/Library/Frameworks/OpenGL.framework/Versions/A/Libraries/libGFXShared.dylib
0x00007fff6be0e000 	/System/Library/Frameworks/OpenGL.framework/Versions/A/Libraries/libGL.dylib
0x00007fff6bc09000 	/System/Library/Frameworks/OpenGL.framework/Versions/A/Libraries/libGLImage.dylib
0x00007fff6bbfd000 	/System/Library/Frameworks/OpenGL.framework/Versions/A/Libraries/libCVMSPluginSupport.dylib
0x00007fff6bbe8000 	/System/Library/Frameworks/OpenGL.framework/Versions/A/Libraries/libCoreVMClient.dylib
0x00007fff6d258000 	/System/Library/Frameworks/OpenCL.framework/Versions/A/OpenCL
0x00007fff2b384000 	/System/Library/PrivateFrameworks/GraphVisualizer.framework/Versions/A/GraphVisualizer
0x00007fff2b393000 	/System/Library/PrivateFrameworks/FaceCore.framework/Versions/A/FaceCore
0x00007fff2b7af000 	/System/Library/PrivateFrameworks/OTSVG.framework/Versions/A/OTSVG
0x00007fff27052000 	/System/Library/Frameworks/ApplicationServices.framework/Versions/A/Frameworks/ATS.framework/Versions/A/Resources/libFontRegistry.dylib
0x00007fff2b7fe000 	/System/Library/PrivateFrameworks/FontServices.framework/libhvf.dylib
0x00007fff2b1c2000 	/System/Library/PrivateFrameworks/AppleVA.framework/Versions/A/AppleVA
0x00007fff2cf12000 	/System/Library/Frameworks/ApplicationServices.framework/Versions/A/Frameworks/ATS.framework/Versions/A/ATS
0x00007fff2d225000 	/System/Library/Frameworks/ApplicationServices.framework/Versions/A/Frameworks/ColorSyncLegacy.framework/Versions/A/ColorSyncLegacy
0x00007fff25890000 	/System/Library/Frameworks/ApplicationServices.framework/Versions/A/Frameworks/HIServices.framework/Versions/A/HIServices
0x00007fff2d20a000 	/System/Library/Frameworks/ApplicationServices.framework/Versions/A/Frameworks/LangAnalysis.framework/Versions/A/LangAnalysis
0x00007fff2bebd000 	/System/Library/Frameworks/ApplicationServices.framework/Versions/A/Frameworks/PrintCore.framework/Versions/A/PrintCore
0x00007fff2d22d000 	/System/Library/Frameworks/ApplicationServices.framework/Versions/A/Frameworks/QD.framework/Versions/A/QD
0x00007fff2cf02000 	/System/Library/Frameworks/ApplicationServices.framework/Versions/A/Frameworks/SpeechSynthesis.framework/Versions/A/SpeechSynthesis
0x00007fff2be7e000 	/System/Library/Frameworks/ApplicationServices.framework/Versions/A/Frameworks/ATSUI.framework/Versions/A/ATSUI
0x00007fff2d1aa000 	/usr/lib/libcups.2.dylib
0x00007fff2d21a000 	/System/Library/PrivateFrameworks/NetAuth.framework/Versions/A/NetAuth
0x00007fff2d8a9000 	/System/Library/Frameworks/Kerberos.framework/Versions/A/Kerberos
0x00007fff2d8b9000 	/System/Library/Frameworks/GSS.framework/Versions/A/GSS
0x00007fff2cf7f000 	/usr/lib/libresolv.9.dylib
0x00007fff2b814000 	/System/Library/PrivateFrameworks/Heimdal.framework/Versions/A/Heimdal
0x00007fff33570000 	/System/Library/Frameworks/Kerberos.framework/Versions/A/Libraries/libHeimdalProxy.dylib
0x00007fff2645e000 	/System/Library/Frameworks/Network.framework/Versions/A/Network
0x00007fff2b230000 	/usr/lib/libheimdal-asn1.dylib
0x00007fff2d90a000 	/System/Library/PrivateFrameworks/CommonAuth.framework/Versions/A/CommonAuth
0x00007fff274ab000 	/System/Library/PrivateFrameworks/login.framework/Versions/A/Frameworks/loginsupport.framework/Versions/A/loginsupport
0x00007fff2ce89000 	/System/Library/PrivateFrameworks/AudioSession.framework/Versions/A/AudioSession
0x00007fff2ceef000 	/usr/lib/libAudioStatistics.dylib
0x00007fff2b2bc000 	/System/Library/PrivateFrameworks/MediaExperience.framework/Versions/A/MediaExperience
0x00007fff2cd22000 	/System/Library/PrivateFrameworks/AudioSession.framework/libSessionUtility.dylib
0x00007fff2d89a000 	/usr/lib/libperfcheck.dylib
0x00007fff2d239000 	/System/Library/PrivateFrameworks/AudioResourceArbitration.framework/Versions/A/AudioResourceArbitration
0x00007fff2b23a000 	/System/Library/PrivateFrameworks/IconFoundation.framework/Versions/A/IconFoundation
0x00007fff2fd3d000 	/System/Library/PrivateFrameworks/SpeechRecognitionCore.framework/Versions/A/SpeechRecognitionCore
0x0000000107800000 	/Users/rruchasingh/Library/Java/JavaVirtualMachines/openjdk-16.0.2/Contents/Home/lib/server/libjvm.dylib
0x0000000103790000 	/Users/rruchasingh/Library/Java/JavaVirtualMachines/openjdk-16.0.2/Contents/Home/lib/libjimage.dylib
0x000000010379e000 	/Users/rruchasingh/Library/Java/JavaVirtualMachines/openjdk-16.0.2/Contents/Home/lib/libjdwp.dylib
0x000000010888b000 	/Users/rruchasingh/Library/Java/JavaVirtualMachines/openjdk-16.0.2/Contents/Home/lib/libjava.dylib
0x0000000110d8e000 	/Users/rruchasingh/Library/Java/JavaVirtualMachines/openjdk-16.0.2/Contents/Home/lib/libdt_socket.dylib
0x0000000110d9a000 	/Users/rruchasingh/Library/Java/JavaVirtualMachines/openjdk-16.0.2/Contents/Home/lib/libnio.dylib
0x0000000110dae000 	/Users/rruchasingh/Library/Java/JavaVirtualMachines/openjdk-16.0.2/Contents/Home/lib/libnet.dylib
0x0000000110dc8000 	/Users/rruchasingh/Library/Java/JavaVirtualMachines/openjdk-16.0.2/Contents/Home/lib/libzip.dylib


VM Arguments:
jvm_args: -agentlib:jdwp=transport=dt_socket,address=127.0.0.1:52699,suspend=y,server=n -Dfile.encoding=UTF-8 
java_command: org.jetbrains.plugins.scala.testingSupport.scalaTest.ScalaTestRunner -s cse250.pa3.DataToolsTests -showProgressMessages true
java_class_path (initial): /Users/rruchasingh/Library/Application Support/JetBrains/IntelliJIdea2020.3/plugins/Scala/lib/runners.jar:/Users/rruchasingh/project-0/target/scala-2.13/test-classes:/Users/rruchasingh/project-0/target/scala-2.13/classes:/Users/rruchasingh/Library/Caches/Coursier/v1/https/repo1.maven.org/maven2/org/scala-lang/modules/scala-xml_2.13/1.3.0/scala-xml_2.13-1.3.0.jar:/Users/rruchasingh/Library/Caches/Coursier/v1/https/repo1.maven.org/maven2/org/scala-lang/scala-reflect/2.13.6/scala-reflect-2.13.6.jar:/Users/rruchasingh/Library/Caches/Coursier/v1/https/repo1.maven.org/maven2/org/scalactic/scalactic_2.13/3.2.9/scalactic_2.13-3.2.9.jar:/Users/rruchasingh/Library/Caches/Coursier/v1/https/repo1.maven.org/maven2/org/scalatest/scalatest-compatible/3.2.9/scalatest-compatible-3.2.9.jar:/Users/rruchasingh/Library/Caches/Coursier/v1/https/repo1.maven.org/maven2/org/scalatest/scalatest-core_2.13/3.2.9/scalatest-core_2.13-3.2.9.jar:/Users/rruchasingh/Library/Caches/Coursier/v1/https/repo1.maven.org/maven2/org/scalatest/scalatest-diagrams_2.13/3.2.9/scalatest-diagrams_2.13-3.2.9.jar:/Users/rruchasingh/Library/Caches/Coursier/v1/https/repo1.maven.org/maven2/org/scalatest/scalatest-featurespec_2.13/3.2.9/scalatest-featurespec_2.13-3.2.9.jar:/Users/rruchasingh/Library/Caches/Coursier/v1/https/repo1.maven.org/maven2/org/scalatest/scalatest-flatspec_2.13/3.2.9/scalatest-flatspec_2.13-3.2.9.jar:/Users/rruchasingh/Library/Caches/Coursier/v1/https/repo1.maven.org/maven2/org/scalatest/scalatest-freespec_2.13/3.2.9/scalatest-freespec_2.13-3.2.9.jar:/Users/rruchasingh/Library/Caches/Coursier/v1/https/repo1.maven.org/maven2/org/scalatest/scalatest-funspec_2.13/3.2.9/scalatest-funspec_2.13-3.2.9.jar:/Users/rruchasingh/Library/Caches/Coursier/v1/https/repo1.maven.org/maven2/org/scalatest/scalatest-funsuite_2.13/3.2.9/scalatest-funsuite_2.13-3.2.9.jar:/Users/rruchasingh/Library/Caches/Coursier/v1/https/repo1.maven.org/maven2/org/scalatest/scalatest-matchers-core_2.13/3.2
Launcher Type: SUN_STANDARD

[Global flags]
     intx CICompilerCount                          = 4                                         {product} {ergonomic}
     uint ConcGCThreads                            = 2                                         {product} {ergonomic}
     uint G1ConcRefinementThreads                  = 8                                         {product} {ergonomic}
   size_t G1HeapRegionSize                         = 1048576                                   {product} {ergonomic}
    uintx GCDrainStackTargetSize                   = 64                                        {product} {ergonomic}
   size_t InitialHeapSize                          = 134217728                                 {product} {ergonomic}
   size_t MarkStackSize                            = 4194304                                   {product} {ergonomic}
   size_t MaxHeapSize                              = 2147483648                                {product} {ergonomic}
   size_t MaxNewSize                               = 1287651328                                {product} {ergonomic}
   size_t MinHeapDeltaBytes                        = 1048576                                   {product} {ergonomic}
   size_t MinHeapSize                              = 8388608                                   {product} {ergonomic}
    uintx NonNMethodCodeHeapSize                   = 5839372                                {pd product} {ergonomic}
    uintx NonProfiledCodeHeapSize                  = 122909434                              {pd product} {ergonomic}
    uintx ProfiledCodeHeapSize                     = 122909434                              {pd product} {ergonomic}
    uintx ReservedCodeCacheSize                    = 251658240                              {pd product} {ergonomic}
     bool SegmentedCodeCache                       = true                                      {product} {ergonomic}
   size_t SoftMaxHeapSize                          = 2147483648                             {manageable} {ergonomic}
     bool UseCompressedClassPointers               = true                           {product lp64_product} {ergonomic}
     bool UseCompressedOops                        = true                           {product lp64_product} {ergonomic}
     bool UseG1GC                                  = true                                      {product} {ergonomic}
     bool UseNUMA                                  = false                                     {product} {ergonomic}
     bool UseNUMAInterleaving                      = false                                     {product} {ergonomic}

Logging:
Log output configuration:
 #0: stdout all=warning uptime,level,tags
 #1: stderr all=off uptime,level,tags

Environment Variables:
JAVA_HOME=/Users/rruchasingh/Library/Java/JavaVirtualMachines/openjdk-16.0.2/Contents/Home
PATH=/opt/anaconda3/bin:/opt/anaconda3/condabin:/usr/local/bin:/usr/bin:/bin:/usr/sbin:/sbin:/Applications/VMware Fusion.app/Contents/Public
SHELL=/bin/bash
LC_CTYPE=UTF-8

Signal Handlers:
SIGSEGV: [libjvm.dylib+0xa7da90], sa_mask[0]=11100110000111110111111111111111, sa_flags=SA_ONSTACK|SA_RESTART|SA_SIGINFO
SIGBUS: [libjvm.dylib+0xa7da90], sa_mask[0]=11100110000111110111111111111111, sa_flags=SA_RESTART|SA_SIGINFO
SIGFPE: [libjvm.dylib+0xa7da90], sa_mask[0]=11100110000111110111111111111111, sa_flags=SA_RESTART|SA_SIGINFO
SIGPIPE: [libjvm.dylib+0x947480], sa_mask[0]=11100110000111110111111111111111, sa_flags=SA_RESTART|SA_SIGINFO
SIGXFSZ: [libjvm.dylib+0x947480], sa_mask[0]=11100110000111110111111111111111, sa_flags=SA_RESTART|SA_SIGINFO
SIGILL: [libjvm.dylib+0xa7da90], sa_mask[0]=11100110000111110111111111111111, sa_flags=SA_RESTART|SA_SIGINFO
SIGUSR2: [libjvm.dylib+0x947f30], sa_mask[0]=00100000000000000000000000000000, sa_flags=SA_RESTART|SA_SIGINFO
SIGHUP: [libjvm.dylib+0x9464f0], sa_mask[0]=11100110000111110111111111111111, sa_flags=SA_RESTART|SA_SIGINFO
SIGINT: [libjvm.dylib+0x9464f0], sa_mask[0]=11100110000111110111111111111111, sa_flags=SA_RESTART|SA_SIGINFO
SIGTERM: [libjvm.dylib+0x9464f0], sa_mask[0]=11100110000111110111111111111111, sa_flags=SA_RESTART|SA_SIGINFO
SIGQUIT: [libjvm.dylib+0x9464f0], sa_mask[0]=11100110000111110111111111111111, sa_flags=SA_RESTART|SA_SIGINFO
SIGTRAP: [libjvm.dylib+0xa7da90], sa_mask[0]=11100110000111110111111111111111, sa_flags=SA_RESTART|SA_SIGINFO


---------------  S Y S T E M  ---------------

OS:uname: Darwin 20.6.0 Darwin Kernel Version 20.6.0: Mon Aug 30 06:12:21 PDT 2021; root:xnu-7195.141.6~3/RELEASE_X86_64 x86_64
OS uptime: 0 days 7:14 hours
rlimit (soft/hard): STACK 8192k/65532k , CORE 0k/infinity , NPROC 1392/2088 , NOFILE 10240/infinity , AS infinity/infinity , CPU infinity/infinity , DATA infinity/infinity , FSIZE infinity/infinity , MEMLOCK infinity/infinity , RSS infinity/infinity
load average: 3.38 3.04 2.87

CPU: total 8 (initial active 8) (4 cores per cpu, 2 threads per core) family 6 model 142 stepping 10 microcode 0xea, cx8, cmov, fxsr, ht, mmx, 3dnowpref, sse, sse2, sse3, ssse3, sse4.1, sse4.2, popcnt, lzcnt, tsc, tscinvbit, avx, avx2, aes, erms, clmul, bmi1, bmi2, adx, fma, vzeroupper, clflush, clflushopt

Memory: 4k page, physical 8388608k(75260k free), swap 2097152k(1131008k free)

vm_info: OpenJDK 64-Bit Server VM (16.0.2+7-67) for bsd-amd64 JRE (16.0.2+7-67), built on Jun  8 2021 22:20:26 by "mach5one" with clang 4.2.1 Compatible Apple LLVM 11.0.0 (clang-1100.0.33.17)

END.
